2021-04-13 PM 5:51:12	This log contains information about the import schema operation into project 'MemoEngine.Database' on computer 'DBSERVER' by user 'KIMSURIN'.
2021-04-13 PM 5:51:12	Import of database schema has started.
2021-04-13 PM 5:51:18	Gathering database credentials
2021-04-13 PM 5:51:18	Gathering database options
2021-04-13 PM 5:51:18	Gathering users
2021-04-13 PM 5:51:18	Gathering roles
2021-04-13 PM 5:51:18	Gathering application roles
2021-04-13 PM 5:51:18	Gathering role memberships
2021-04-13 PM 5:51:18	Gathering filegroups
2021-04-13 PM 5:51:18	Gathering full-text catalogs
2021-04-13 PM 5:51:18	Gathering assemblies
2021-04-13 PM 5:51:18	Gathering certificates
2021-04-13 PM 5:51:18	Gathering asymmetric keys
2021-04-13 PM 5:51:18	Gathering symmetric keys
2021-04-13 PM 5:51:18	Gathering encrypted symmetric keys
2021-04-13 PM 5:51:18	Gathering schemas
2021-04-13 PM 5:51:18	Gathering XML schema collections
2021-04-13 PM 5:51:18	Gathering user-defined data types
2021-04-13 PM 5:51:18	Gathering user-defined types
2021-04-13 PM 5:51:18	Gathering table types
2021-04-13 PM 5:51:18	Gathering unique keys for table types
2021-04-13 PM 5:51:18	Gathering primary keys for table types
2021-04-13 PM 5:51:18	Gathering indexes for table types
2021-04-13 PM 5:51:18	Gathering check constraints for table types
2021-04-13 PM 5:51:18	Gathering default constraints for table types
2021-04-13 PM 5:51:18	Gathering partition functions
2021-04-13 PM 5:51:18	Gathering partition schemes
2021-04-13 PM 5:51:18	Gathering functions
2021-04-13 PM 5:51:18	Gathering encrypted functions
2021-04-13 PM 5:51:18	Gathering aggregates
2021-04-13 PM 5:51:18	Gathering procedures
2021-04-13 PM 5:51:18	Gathering encrypted procedures
2021-04-13 PM 5:51:18	Gathering tables
2021-04-13 PM 5:51:18	Gathering primary keys
2021-04-13 PM 5:51:18	Gathering unique constraints
2021-04-13 PM 5:51:18	Gathering foreign keys
2021-04-13 PM 5:51:18	Gathering default constraints
2021-04-13 PM 5:51:18	Gathering check constraints
2021-04-13 PM 5:51:18	Gathering views
2021-04-13 PM 5:51:18	Gathering encrypted views
2021-04-13 PM 5:51:18	Gathering indexes
2021-04-13 PM 5:51:18	Gathering statistics
2021-04-13 PM 5:51:18	Gathering full-text index stoplists
2021-04-13 PM 5:51:18	Gathering search property lists
2021-04-13 PM 5:51:18	Gathering search properties
2021-04-13 PM 5:51:18	Gathering full-text indexes
2021-04-13 PM 5:51:18	Gathering column store indexes
2021-04-13 PM 5:51:18	Gathering spatial indexes
2021-04-13 PM 5:51:18	Gathering XML indexes
2021-04-13 PM 5:51:18	Gathering Selective XML indexes
2021-04-13 PM 5:51:18	Gathering encrypted triggers
2021-04-13 PM 5:51:18	Gathering triggers
2021-04-13 PM 5:51:18	Gathering encrypted and clr ddl triggers
2021-04-13 PM 5:51:18	Gathering ddl triggers
2021-04-13 PM 5:51:18	Gathering synonyms
2021-04-13 PM 5:51:18	Gathering defaults
2021-04-13 PM 5:51:18	Gathering data constraint uddt bindings
2021-04-13 PM 5:51:18	Gathering rules
2021-04-13 PM 5:51:18	Gathering data constraint uddt bindings
2021-04-13 PM 5:51:18	Gathering message types
2021-04-13 PM 5:51:18	Gathering queues
2021-04-13 PM 5:51:18	Gathering contracts
2021-04-13 PM 5:51:18	Gathering services
2021-04-13 PM 5:51:18	Gathering event notifications
2021-04-13 PM 5:51:18	Gathering remote service bindings
2021-04-13 PM 5:51:18	Gathering broker priorities
2021-04-13 PM 5:51:18	Gathering signatures
2021-04-13 PM 5:51:18	Gathering data compression options
2021-04-13 PM 5:51:18	Gathering sequence types
2021-04-13 PM 5:51:18	Gathering security policies
2021-04-13 PM 5:51:18	Gather column encryption keys
2021-04-13 PM 5:51:18	Gathering column master keys
2021-04-13 PM 5:51:18	Gathering external data sources
2021-04-13 PM 5:51:18	Gathering external file formats
2021-04-13 PM 5:51:18	Gathering external tables
2021-04-13 PM 5:51:18	Gathering extended properties
2021-04-13 PM 5:51:18	Gathering credentials
2021-04-13 PM 5:51:18	Gathering logins
2021-04-13 PM 5:51:18	Gathering server audits
2021-04-13 PM 5:51:18	Scanning project for duplicate elements
2021-04-13 PM 5:51:18	Finished duplicate element processing
2021-04-13 PM 5:51:18	Finished importing database.
2021-04-13 PM 5:51:18	A summary of the import was saved to the following location: D:\ASP.NET\LocalHostWCF\localHost\MemoEngine.Database\Import Schema Logs\MemoEngine.Database_20210413085112.log
2021-04-13 PM 5:51:18	Click Finish to continue...
